TN:
SF:contracts/core/BasePaymaster.sol
DA:11,73
FN:11,BasePaymaster.validateUserOp
FNDA:73,BasePaymaster.validateUserOp
DA:19,0
DA:20,73
DA:21,73
DA:55,72
FN:55,BasePaymaster._payPrefund
FNDA:72,BasePaymaster._payPrefund
DA:56,72
BRDA:56,0,0,-
DA:57,0
DA:63,134
FN:63,BasePaymaster.deposit
FNDA:134,BasePaymaster.deposit
DA:64,134
DA:67,5
FN:67,BasePaymaster.withdrawTo
FNDA:5,BasePaymaster.withdrawTo
DA:68,5
DA:71,25
FN:71,BasePaymaster.addStake
FNDA:25,BasePaymaster.addStake
DA:72,25
DA:75,1
FN:75,BasePaymaster.getDeposit
FNDA:1,BasePaymaster.getDeposit
DA:76,1
DA:79,15
FN:79,BasePaymaster.unlockStake
FNDA:15,BasePaymaster.unlockStake
DA:80,15
DA:83,5
FN:83,BasePaymaster.withdrawStake
FNDA:5,BasePaymaster.withdrawStake
DA:84,5
DA:93,42
FN:93,BasePaymaster.executeBatch
FNDA:42,BasePaymaster.executeBatch
DA:94,0
DA:96,42
DA:97,42
DA:98,70
DA:99,70
DA:100,70
BRDA:100,1,0,-
DA:101,0
BRDA:101,2,0,-
BRDA:101,2,1,-
DA:102,0
DA:104,0
DA:110,273
FN:110,BasePaymaster._requireFromEntryPoint
FNDA:273,BasePaymaster._requireFromEntryPoint
DA:111,273
BRDA:111,3,0,-
BRDA:111,3,1,-
FNF:10
FNH:10
LF:31
LH:25
BRF:6
BRH:0
end_of_record
TN:
SF:contracts/core/KeysManager.sol
DA:19,16
FN:19,KeysManager.authorizeAdmin
FNDA:16,KeysManager.authorizeAdmin
DA:20,16
BRDA:20,0,0,1
DA:21,15
BRDA:21,1,0,2
DA:23,13
DA:26,11
FN:26,KeysManager.revoke
FNDA:11,KeysManager.revoke
DA:28,11
DA:29,11
DA:32,561
FN:32,KeysManager._addKey
FNDA:561,KeysManager._addKey
DA:33,561
DA:34,561
DA:37,561
DA:39,561
DA:42,11
FN:42,KeysManager._removeKey
FNDA:11,KeysManager._removeKey
DA:43,11
DA:44,11
BRDA:44,2,0,1
DA:47,62
FN:47,KeysManager.keyCount
FNDA:62,KeysManager.keyCount
DA:48,62
DA:51,3
FN:51,KeysManager.keyAt
FNDA:3,KeysManager.keyAt
DA:52,3
DA:55,315
FN:55,KeysManager.getKey
FNDA:315,KeysManager.getKey
DA:56,315
DA:57,315
BRDA:57,3,0,9
DA:59,306
DA:60,306
DA:61,306
DA:62,306
DA:63,306
DA:64,306
DA:65,306
DA:69,32
FN:69,KeysManager.getKeys
FNDA:32,KeysManager.getKeys
DA:70,32
DA:72,32
DA:73,32
DA:75,32
DA:76,32
DA:77,130
DA:78,130
DA:80,130
BRDA:80,4,0,1
DA:81,1
DA:84,129
DA:85,129
DA:87,129
DA:91,0
DA:92,0
FNF:8
FNH:8
LF:44
LH:42
BRF:5
BRH:5
end_of_record
TN:
SF:contracts/core/ManagerAccessControl.sol
DA:14,27
FN:14,ManagerAccessControl.onlySuperAdminOrAdminKeyOrEp
FNDA:27,ManagerAccessControl.onlySuperAdminOrAdminKeyOrEp
DA:15,27
DA:16,27
DA:19,27
DA:20,16
DA:21,2
BRDA:21,0,0,2
DA:22,2
DA:26,8
FN:26,ManagerAccessControl.onlySuperAdminKeyOrEp
FNDA:8,ManagerAccessControl.onlySuperAdminKeyOrEp
DA:27,8
DA:28,8
DA:31,8
DA:32,5
DA:33,3
BRDA:33,1,0,3
DA:34,3
FNF:2
FNH:2
LF:14
LH:14
BRF:2
BRH:2
end_of_record
TN:
SF:contracts/core/MultiSigner.sol
DA:25,48
FN:25,MultiSigner.addSigner
FNDA:48,MultiSigner.addSigner
DA:26,48
BRDA:26,0,0,1
DA:27,47
BRDA:27,1,0,2
DA:29,45
DA:32,8
FN:32,MultiSigner.removeSigner
FNDA:8,MultiSigner.removeSigner
DA:33,8
BRDA:33,2,0,2
DA:34,5
FNF:2
FNH:2
LF:7
LH:7
BRF:3
BRH:3
end_of_record
TN:
SF:contracts/core/Paymaster.sol
DA:10,209
FN:10,Paymaster.getHash
FNDA:209,Paymaster.getHash
DA:20,209
DA:21,209
DA:22,209
FNF:1
FNH:1
LF:4
LH:4
BRF:0
BRH:0
end_of_record
TN:
SF:contracts/core/PaymasterEntry.sol
DA:14,170
FN:14,PaymasterEntry.constructor
FNDA:170,PaymasterEntry.constructor
DA:22,170
BRDA:22,0,0,1
DA:23,169
BRDA:23,1,0,1
DA:25,168
DA:26,168
DA:28,168
DA:29,335
DA:30,168
BRDA:30,2,0,1
DA:31,167
DA:33,167
DA:37,167
DA:38,333
BRDA:38,3,0,1
DA:39,332
DA:41,332
DA:45,166
BRDA:45,4,0,2
DA:46,2
DA:48,164
DA:49,164
FNF:1
FNH:1
LF:18
LH:18
BRF:5
BRH:5
end_of_record
TN:
SF:contracts/core/Validations.sol
DA:30,119
FN:30,Validations.validatePaymasterUserOp
FNDA:119,Validations.validatePaymasterUserOp
DA:38,0
DA:39,119
DA:42,39
FN:42,Validations.postOp
FNDA:39,Validations.postOp
DA:50,0
DA:51,39
DA:54,118
FN:54,Validations._validatePaymasterUserOp
FNDA:118,Validations._validatePaymasterUserOp
DA:62,118
DA:63,118
DA:65,118
BRDA:65,0,0,1
DA:66,1
DA:69,116
BRDA:69,1,0,1
DA:70,1
DA:73,115
DA:74,115
DA:76,115
BRDA:76,2,0,60
DA:77,60
DA:80,110
BRDA:80,3,0,55
DA:81,55
DA:85,101
DA:88,60
FN:88,Validations._validateVerifyingMode
FNDA:60,Validations._validateVerifyingMode
DA:96,60
DA:97,60
DA:99,55
DA:101,55
DA:105,55
DA:107,55
BRDA:107,4,0,8
BRDA:107,4,1,-
DA:108,8
DA:109,8
DA:110,8
BRDA:110,5,0,8
DA:111,8
DA:112,8
DA:114,47
BRDA:114,6,0,4
BRDA:114,6,1,-
DA:115,4
DA:116,4
DA:117,4
BRDA:117,7,0,4
DA:118,4
DA:120,43
BRDA:120,8,0,43
DA:121,43
DA:122,43
DA:123,43
DA:127,8
DA:129,8
DA:130,55
DA:133,55
FN:133,Validations._validateERC20Mode
FNDA:55,Validations._validateERC20Mode
DA:143,55
DA:145,46
DA:147,46
DA:150,46
DA:152,46
BRDA:152,9,0,8
BRDA:152,9,1,34
DA:153,8
DA:154,8
DA:155,8
BRDA:155,10,0,8
DA:156,8
DA:157,8
DA:159,38
BRDA:159,11,0,4
BRDA:159,11,1,34
DA:160,4
DA:161,4
DA:162,4
BRDA:162,12,0,4
DA:163,4
DA:165,34
BRDA:165,13,0,34
DA:166,34
DA:167,34
DA:168,34
DA:172,8
DA:174,46
DA:176,0
BRDA:176,14,0,-
DA:177,0
DA:180,46
DA:182,46
BRDA:182,15,0,-
DA:183,0
DA:186,46
BRDA:186,16,0,-
DA:187,0
DA:190,46
DA:193,39
FN:193,Validations._expectedPenaltyGasCost
FNDA:39,Validations._expectedPenaltyGasCost
DA:205,39
DA:206,39
DA:208,39
BRDA:208,17,0,1
DA:209,1
DA:212,39
DA:213,39
BRDA:213,18,0,39
DA:214,39
DA:217,39
DA:220,38
FN:220,Validations._postOp
FNDA:38,Validations._postOp
DA:228,38
DA:230,38
DA:234,38
DA:236,38
DA:237,38
DA:239,38
DA:240,38
DA:242,38
DA:249,38
DA:251,38
BRDA:251,19,0,-
DA:252,0
DA:255,38
DA:260,209
FN:260,Validations.getHash
FNDA:209,Validations.getHash
DA:270,209
BRDA:270,20,0,113
BRDA:270,20,1,2
DA:271,113
DA:275,96
DA:277,96
DA:280,96
DA:282,96
DA:284,96
DA:286,2
BRDA:286,21,0,2
DA:287,2
DA:290,2
BRDA:290,22,0,2
DA:291,2
DA:294,2
BRDA:294,23,0,2
DA:295,2
DA:298,96
DA:302,209
FN:302,Validations._getHash
FNDA:209,Validations._getHash
DA:311,209
DA:325,209
DA:328,72
FN:328,Validations._validateSignature
FNDA:72,Validations._validateSignature
DA:337,72
DA:339,72
DA:341,72
BRDA:341,24,0,1
BRDA:341,24,1,-
DA:343,1
DA:344,71
BRDA:344,25,0,42
BRDA:344,25,1,-
DA:346,42
DA:347,29
BRDA:347,26,0,29
BRDA:347,26,1,-
DA:349,29
DA:351,0
DA:355,42
FN:355,Validations._validateWebAuthnSigner
FNDA:42,Validations._validateWebAuthnSigner
DA:363,42
DA:364,42
DA:366,42
BRDA:366,27,0,1
DA:368,41
BRDA:368,28,0,41
DA:369,41
DA:370,41
DA:372,41
BRDA:372,29,0,31
DA:374,10
DA:376,10
BRDA:376,30,0,10
DA:379,0
DA:382,29
FN:382,Validations._validateSecp256k1Signer
FNDA:29,Validations._validateSecp256k1Signer
DA:390,29
DA:391,29
DA:393,29
BRDA:393,31,0,1
DA:395,28
BRDA:395,32,0,28
DA:396,28
BRDA:396,33,0,20
DA:398,8
DA:399,8
BRDA:399,34,0,8
DA:402,0
DA:405,18
FN:405,Validations._validateCallData
FNDA:18,Validations._validateCallData
DA:406,18
DA:408,18
BRDA:408,35,0,4
DA:409,4
DA:412,14
DA:415,14
FN:415,Validations._validateCalls
FNDA:14,Validations._validateCalls
DA:416,14
DA:417,14
DA:418,14
DA:419,14
DA:421,14
DA:422,14
DA:423,14
DA:425,14
BRDA:425,36,0,14
DA:426,14
DA:428,14
BRDA:428,37,0,8
BRDA:428,37,1,6
DA:429,8
DA:431,6
DA:436,0
DA:440,0
FNF:14
FNH:14
LF:164
LH:152
BRF:47
BRH:38
end_of_record
TN:
SF:contracts/library/Base64.sol
DA:13,53
FN:13,Base64.encode.0
FNDA:53,Base64.encode.0
DA:15,0
DA:17,0
BRDA:17,0,0,-
DA:20,0
DA:23,0
DA:30,0
DA:31,0
DA:34,0
DA:35,0
DA:37,0
DA:38,0
DA:39,0
DA:42,0
DA:43,0
DA:44,0
DA:47,0
DA:48,0
DA:49,0
DA:50,0
DA:51,0
DA:53,0
DA:54,0
BRDA:54,1,0,-
DA:56,0
DA:57,0
DA:59,0
DA:61,0
DA:63,0
DA:64,0
DA:65,0
DA:72,0
FN:72,Base64.encode.1
FNDA:0,Base64.encode.1
DA:73,0
DA:78,0
FN:78,Base64.encode.2
FNDA:0,Base64.encode.2
DA:79,0
DA:96,0
FN:96,Base64.decode
FNDA:0,Base64.decode
DA:98,0
DA:100,0
BRDA:100,2,0,-
DA:101,0
DA:103,0
DA:105,0
BRDA:105,3,0,-
DA:106,0
DA:108,0
DA:112,0
DA:115,0
DA:116,0
DA:118,0
DA:121,0
DA:124,0
DA:125,0
DA:130,0
DA:131,0
DA:132,0
DA:133,0
DA:135,0
DA:137,0
DA:138,0
DA:142,0
DA:152,0
DA:153,0
BRDA:153,4,0,-
DA:155,0
DA:156,0
DA:157,0
FNF:4
FNH:1
LF:61
LH:1
BRF:5
BRH:0
end_of_record
TN:
SF:contracts/library/Eip7702Support.sol
DA:14,209
FN:14,Eip7702Support._getEip7702InitCodeHashOverride
FNDA:209,Eip7702Support._getEip7702InitCodeHashOverride
DA:15,209
DA:16,209
BRDA:16,0,0,209
DA:17,209
DA:19,0
DA:20,0
BRDA:20,1,0,-
BRDA:20,1,1,-
DA:21,0
DA:24,209
FN:24,Eip7702Support._isEip7702InitCode
FNDA:209,Eip7702Support._isEip7702InitCode
DA:25,209
BRDA:25,2,0,209
DA:26,209
DA:28,0
DA:31,0
DA:34,0
DA:37,0
FN:37,Eip7702Support._getEip7702Delegate
FNDA:0,Eip7702Support._getEip7702Delegate
DA:38,0
DA:41,0
DA:42,0
DA:45,0
BRDA:45,3,0,-
DA:46,0
BRDA:46,4,0,-
BRDA:46,4,1,-
DA:47,0
DA:49,0
FNF:3
FNH:2
LF:21
LH:7
BRF:7
BRH:2
end_of_record
TN:
SF:contracts/library/KeyLib.sol
DA:19,774
FN:19,KeyLib.hash.0
FNDA:774,KeyLib.hash.0
DA:20,774
DA:23,396
FN:23,KeyLib.hash.1
FNDA:396,KeyLib.hash.1
DA:24,396
DA:27,66
FN:27,KeyLib.hash.2
FNDA:66,KeyLib.hash.2
DA:28,66
DA:31,216
FN:31,KeyLib._isSuperAdmin.0
FNDA:216,KeyLib._isSuperAdmin.0
DA:32,216
DA:33,216
BRDA:33,0,0,1
DA:34,215
DA:37,43
FN:37,KeyLib._isAdmin.0
FNDA:43,KeyLib._isAdmin.0
DA:38,43
DA:39,43
BRDA:39,1,0,-
DA:40,43
DA:43,239
FN:43,KeyLib._isSuperAdmin.1
FNDA:239,KeyLib._isSuperAdmin.1
DA:45,239
DA:46,220
DA:47,19
BRDA:47,2,0,19
DA:48,19
DA:50,220
DA:53,187
FN:53,KeyLib._isAdmin.1
FNDA:187,KeyLib._isAdmin.1
DA:55,186
DA:56,186
DA:57,1
BRDA:57,3,0,1
DA:58,1
DA:60,186
DA:63,239
FN:63,KeyLib._isSigner
FNDA:239,KeyLib._isSigner
DA:64,239
BRDA:64,4,0,70
DA:65,70
DA:67,169
DA:70,170
FN:70,KeyLib._keyValidation
FNDA:170,KeyLib._keyValidation
DA:71,170
BRDA:71,5,0,-
DA:72,0
DA:75,170
DA:78,177
FN:78,KeyLib._validateSignatureLength
FNDA:177,KeyLib._validateSignatureLength
DA:80,0
DA:83,0
DA:85,0
BRDA:85,6,0,-
DA:86,0
DA:87,0
DA:90,0
DA:93,0
BRDA:93,7,0,-
DA:94,0
DA:95,0
DA:98,0
DA:99,0
DA:101,0
BRDA:101,8,0,-
DA:102,0
DA:103,0
DA:106,0
BRDA:106,9,0,-
DA:107,0
DA:108,0
DA:111,0
DA:112,0
DA:113,0
BRDA:113,10,0,-
DA:114,0
DA:115,0
DA:118,0
DA:119,0
BRDA:119,11,0,-
DA:120,0
DA:121,0
DA:124,0
DA:126,0
BRDA:126,12,0,-
DA:127,0
DA:128,0
DA:134,36
FN:134,KeyLib._unpackP256Signature
FNDA:36,KeyLib._unpackP256Signature
DA:140,0
DA:141,0
DA:142,0
DA:143,0
DA:144,0
DA:146,0
BRDA:146,13,0,-
DA:150,103
FN:150,KeyLib._unpackWebAuthnCoordinats
FNDA:103,KeyLib._unpackWebAuthnCoordinats
DA:151,103
DA:153,0
DA:154,0
DA:158,10
FN:158,KeyLib._isAllowedSelector
FNDA:10,KeyLib._isAllowedSelector
DA:162,0
FNF:13
FNH:13
LF:78
LH:38
BRF:14
BRH:4
end_of_record
TN:
SF:contracts/library/P256.sol
DA:46,0
FN:46,P256.verifySignatureAllowMalleability
FNDA:0,P256.verifySignatureAllowMalleability
DA:58,0
DA:59,0
DA:60,0
DA:61,0
DA:62,0
DA:63,0
DA:64,0
DA:65,0
DA:68,0
BRDA:68,0,0,-
DA:69,0
DA:72,0
BRDA:72,1,0,-
DA:73,0
DA:74,0
DA:77,0
DA:83,71
FN:83,P256.verifySignature
FNDA:71,P256.verifySignature
DA:95,0
DA:96,0
DA:97,0
DA:98,0
DA:99,0
DA:100,0
DA:101,0
DA:102,0
DA:105,0
BRDA:105,2,0,-
DA:106,0
DA:109,0
BRDA:109,3,0,-
DA:110,0
DA:111,0
DA:115,0
DA:124,0
FN:124,P256.normalized
FNDA:0,P256.normalized
DA:126,0
DA:132,0
FN:132,P256.tryDecodePoint
FNDA:0,P256.tryDecodePoint
DA:134,0
DA:135,0
DA:136,0
DA:142,0
FN:142,P256.tryDecodePointCalldata
FNDA:0,P256.tryDecodePointCalldata
DA:144,0
DA:145,0
DA:146,0
FNF:5
FNH:1
LF:40
LH:1
BRF:4
BRH:0
end_of_record
TN:
SF:contracts/library/P256Verifier.sol
DA:21,0
FN:21,P256Verifier.fallback
FNDA:0,P256Verifier.fallback
DA:29,0
DA:31,0
FN:31,P256Verifier.setJPoint
FNDA:0,P256Verifier.setJPoint
DA:32,0
DA:33,0
DA:34,0
DA:37,0
FN:37,P256Verifier.jPointDouble
FNDA:0,P256Verifier.jPointDouble
DA:38,0
DA:39,0
DA:40,0
DA:41,0
DA:42,0
DA:43,0
DA:44,0
DA:45,0
DA:48,0
FN:48,P256Verifier.setJPointDouble
FNDA:0,P256Verifier.setJPointDouble
DA:49,0
DA:50,0
DA:51,0
DA:52,0
DA:53,0
DA:54,0
DA:55,0
DA:56,0
DA:57,0
DA:58,0
DA:66,0
FN:66,P256Verifier.setJPointAdd
FNDA:0,P256Verifier.setJPointAdd
DA:67,0
DA:68,0
DA:69,0
DA:70,0
DA:71,0
DA:72,0
DA:73,0
BRDA:73,0,0,-
DA:74,0
DA:75,0
DA:77,0
BRDA:77,1,0,-
DA:78,0
DA:79,0
DA:81,0
DA:82,0
DA:83,0
DA:84,0
DA:85,0
DA:86,0
DA:87,0
DA:88,0
BRDA:88,2,0,-
DA:89,0
BRDA:89,3,0,-
DA:90,0
DA:91,0
DA:94,0
DA:95,0
DA:96,0
DA:97,0
DA:98,0
DA:106,0
DA:107,0
DA:108,0
DA:111,0
DA:112,0
BRDA:112,4,0,-
DA:116,0
DA:117,0
DA:118,0
DA:119,0
DA:120,0
DA:121,0
DA:123,0
DA:124,0
DA:125,0
DA:126,0
DA:128,0
BRDA:128,5,0,-
DA:147,0
DA:152,0
DA:153,0
DA:154,0
DA:155,0
DA:156,0
DA:157,0
DA:158,0
DA:159,0
DA:160,0
DA:161,0
DA:162,0
DA:163,0
DA:164,0
DA:165,0
DA:166,0
DA:169,0
DA:170,0
DA:171,0
DA:172,0
DA:173,0
DA:174,0
DA:175,0
DA:176,0
DA:177,0
BRDA:177,6,0,-
DA:178,0
DA:179,0
DA:180,0
DA:181,0
DA:182,0
DA:183,0
DA:184,0
DA:185,0
DA:186,0
DA:187,0
DA:188,0
DA:189,0
DA:190,0
DA:191,0
DA:193,0
DA:194,0
DA:195,0
BRDA:195,7,0,-
DA:196,0
BRDA:196,8,0,-
DA:197,0
DA:198,0
DA:199,0
DA:200,0
DA:202,0
DA:203,0
DA:204,0
DA:205,0
DA:206,0
DA:207,0
DA:208,0
BRDA:208,9,0,-
DA:209,0
BRDA:209,10,0,-
DA:210,0
DA:211,0
DA:214,0
DA:215,0
DA:216,0
DA:217,0
DA:218,0
DA:219,0
DA:220,0
DA:226,0
BRDA:226,11,0,-
DA:227,0
DA:228,0
DA:229,0
DA:230,0
DA:231,0
DA:232,0
DA:233,0
DA:234,0
DA:235,0
DA:236,0
DA:237,0
DA:238,0
DA:239,0
DA:240,0
DA:242,0
DA:243,0
DA:244,0
BRDA:244,12,0,-
DA:245,0
BRDA:245,13,0,-
DA:246,0
DA:247,0
DA:248,0
DA:249,0
DA:251,0
DA:252,0
DA:253,0
DA:254,0
DA:255,0
DA:256,0
DA:257,0
BRDA:257,14,0,-
DA:258,0
BRDA:258,15,0,-
DA:259,0
DA:260,0
DA:263,0
DA:264,0
DA:265,0
DA:266,0
DA:267,0
DA:268,0
DA:269,0
DA:271,0
DA:272,0
BRDA:272,16,0,-
DA:276,0
BRDA:276,17,0,-
DA:280,0
DA:281,0
DA:282,0
DA:284,0
DA:291,0
FNF:5
FNH:0
LF:183
LH:0
BRF:18
BRH:0
end_of_record
TN:
SF:contracts/library/PaymasterLib.sol
DA:15,118
FN:15,PaymasterLib._parsePaymasterAndData
FNDA:118,PaymasterLib._parsePaymasterAndData
DA:23,118
BRDA:23,0,0,1
DA:24,1
DA:27,117
DA:29,117
DA:31,117
DA:33,117
DA:35,117
DA:38,60
FN:38,PaymasterLib._parseVerifyingConfig
FNDA:60,PaymasterLib._parseVerifyingConfig
DA:43,60
BRDA:43,1,0,1
DA:44,1
DA:47,59
DA:48,59
DA:49,59
DA:50,59
DA:52,59
BRDA:52,2,0,1
DA:53,58
DA:55,55
DA:58,55
FN:58,PaymasterLib._parseErc20Config
FNDA:55,PaymasterLib._parseErc20Config
DA:63,55
BRDA:63,3,0,1
DA:64,1
DA:67,54
DA:69,54
DA:70,54
DA:71,54
DA:72,54
DA:74,54
DA:75,54
DA:76,54
DA:77,54
DA:78,54
DA:79,54
DA:80,54
DA:81,54
DA:82,54
DA:83,54
DA:84,54
DA:85,54
DA:87,54
DA:88,54
DA:89,54
DA:91,54
DA:92,1
BRDA:92,4,0,1
DA:93,1
BRDA:93,5,0,1
DA:94,1
DA:97,0
DA:98,0
DA:100,53
DA:101,1
BRDA:101,6,0,1
DA:102,1
BRDA:102,7,0,1
DA:103,1
DA:106,0
DA:107,0
DA:110,52
DA:111,2
BRDA:111,8,0,2
DA:112,2
BRDA:112,9,0,1
DA:113,1
DA:116,1
DA:117,1
DA:120,51
DA:121,51
DA:123,51
DA:125,51
BRDA:125,10,0,1
DA:126,1
DA:129,50
BRDA:129,11,0,1
DA:130,1
DA:133,49
BRDA:133,12,0,1
DA:134,1
DA:137,48
BRDA:137,13,0,1
DA:138,47
DA:140,0
DA:143,46
FN:143,PaymasterLib._createPostOpContext
FNDA:46,PaymasterLib._createPostOpContext
DA:153,46
DA:155,46
DA:156,46
DA:158,46
DA:178,38
FN:178,PaymasterLib._parsePostOpContext
FNDA:38,PaymasterLib._parsePostOpContext
DA:179,38
DA:182,84
FN:182,PaymasterLib._getCostInToken
FNDA:84,PaymasterLib._getCostInToken
DA:192,84
DA:195,264
FN:195,PaymasterLib._getSender
FNDA:264,PaymasterLib._getSender
DA:196,264
DA:198,0
DA:200,264
FNF:7
FNH:7
LF:84
LH:78
BRF:14
BRH:14
end_of_record
TN:
SF:contracts/library/WebAuthn.sol
DA:86,53
FN:86,WebAuthn.verify.0
FNDA:53,WebAuthn.verify.0
DA:97,53
DA:98,53
DA:100,0
DA:101,0
DA:102,0
DA:104,0
DA:105,0
DA:106,0
DA:107,0
DA:108,0
DA:109,0
DA:121,0
DA:124,0
DA:128,0
DA:129,0
DA:130,0
BRDA:130,0,0,-
DA:131,0
DA:132,0
DA:133,0
DA:137,0
DA:139,0
DA:141,0
BRDA:141,1,0,-
DA:145,53
BRDA:145,2,0,53
DA:149,0
FN:149,WebAuthn.verify.1
FNDA:0,WebAuthn.verify.1
DA:165,0
DA:179,1
FN:179,WebAuthn.encodeAuth
FNDA:1,WebAuthn.encodeAuth
DA:180,1
DA:186,54
FN:186,WebAuthn.tryDecodeAuth
FNDA:54,WebAuthn.tryDecodeAuth
DA:188,0
DA:189,0
DA:190,0
DA:191,0
DA:192,0
BRDA:192,3,0,-
DA:193,0
DA:194,0
DA:195,0
BRDA:195,4,0,-
DA:198,0
DA:199,0
BRDA:199,5,0,-
DA:202,0
DA:203,0
DA:204,0
DA:205,0
DA:206,0
DA:207,0
DA:208,0
DA:209,0
DA:227,2
FN:227,WebAuthn.tryEncodeAuthCompact
FNDA:2,WebAuthn.tryEncodeAuthCompact
DA:229,0
FN:229,WebAuthn.copyBytes
FNDA:0,WebAuthn.copyBytes
DA:230,0
DA:231,0
DA:232,0
DA:233,0
DA:234,0
DA:235,0
DA:236,0
BRDA:236,6,0,-
DA:239,0
DA:240,0
DA:241,0
DA:243,0
BRDA:243,7,0,-
DA:244,0
DA:246,0
DA:247,0
DA:248,0
DA:249,0
DA:250,0
DA:251,0
DA:252,0
DA:260,2
FN:260,WebAuthn.tryDecodeAuthCompact
FNDA:2,WebAuthn.tryDecodeAuthCompact
DA:262,0
FN:262,WebAuthn.extractBytes.0
FNDA:0,WebAuthn.extractBytes.0
DA:263,0
DA:264,0
DA:265,0
DA:266,0
DA:267,0
DA:268,0
BRDA:268,8,0,-
DA:270,0
DA:271,0
DA:272,0
DA:274,0
DA:275,0
BRDA:275,9,0,-
DA:276,0
DA:277,0
DA:278,0
DA:279,0
DA:280,0
DA:281,0
DA:282,0
BRDA:282,10,0,-
DA:283,0
DA:284,0
DA:285,0
DA:286,0
DA:287,0
DA:288,0
DA:295,0
FN:295,WebAuthn.tryDecodeAuthCompactCalldata
FNDA:0,WebAuthn.tryDecodeAuthCompactCalldata
DA:301,0
FN:301,WebAuthn.extractBytes.1
FNDA:0,WebAuthn.extractBytes.1
DA:302,0
DA:303,0
DA:304,0
DA:305,0
DA:306,0
DA:307,0
DA:309,0
BRDA:309,11,0,-
DA:310,0
DA:311,0
DA:312,0
DA:313,0
DA:314,0
DA:315,0
BRDA:315,12,0,-
DA:316,0
DA:317,0
DA:318,0
DA:319,0
DA:320,0
DA:321,0
FNF:10
FNH:5
LF:115
LH:9
BRF:13
BRH:1
end_of_record
TN:
SF:contracts/utils/WebAuthnVerifier.sol
DA:28,1
FN:28,WebAuthnVerifier.verifySignature
FNDA:1,WebAuthnVerifier.verifySignature
DA:44,1
DA:53,1
DA:54,1
DA:56,1
DA:68,51
FN:68,WebAuthnVerifier.verifyEncodedSignature
FNDA:51,WebAuthnVerifier.verifyEncodedSignature
DA:79,51
DA:81,51
DA:83,51
DA:85,51
DA:97,1
FN:97,WebAuthnVerifier.verifyCompactSignature
FNDA:1,WebAuthnVerifier.verifyCompactSignature
DA:108,1
DA:110,1
DA:112,1
DA:124,18
FN:124,WebAuthnVerifier.verifyP256Signature
FNDA:18,WebAuthnVerifier.verifyP256Signature
DA:135,18
DA:143,52
FN:143,WebAuthnVerifier.toBytes
FNDA:52,WebAuthnVerifier.toBytes
DA:144,52
DA:146,0
FNF:5
FNH:5
LF:19
LH:18
BRF:0
BRH:0
end_of_record
TN:
SF:test/data/Data.t.sol
DA:48,177
FN:48,Data.setUp
FNDA:177,Data.setUp
DA:49,0
DA:50,177
DA:51,177
DA:52,177
DA:53,177
DA:54,177
DA:55,177
DA:56,177
DA:66,164
FN:66,Data._deploy
FNDA:164,Data._deploy
DA:76,164
DA:82,177
FN:82,Data._createKeys
FNDA:177,Data._createKeys
DA:83,177
DA:84,177
DA:85,177
DA:86,177
DA:89,170
FN:89,Data._createBundlers
FNDA:170,Data._createBundlers
DA:90,170
DA:91,340
DA:93,340
FNF:4
FNH:4
LF:20
LH:19
BRF:0
BRH:0
end_of_record
TN:
SF:test/data/Etch.t.sol
DA:9,67
FN:9,Etch._ethc
FNDA:67,Etch._ethc
DA:10,67
DA:11,0
DA:15,67
FN:15,Etch._label
FNDA:67,Etch._label
DA:16,67
FNF:2
FNH:2
LF:5
LH:4
BRF:0
BRH:0
end_of_record
TN:
SF:test/helpers/AAHelpers.t.sol
DA:46,118
FN:46,AAHelpers._depositPaymaster
FNDA:118,AAHelpers._depositPaymaster
DA:47,118
DA:48,118
DA:52,104
FN:52,AAHelpers._getNonce
FNDA:104,AAHelpers._getNonce
DA:53,104
DA:57,104
FN:57,AAHelpers._getUserOp
FNDA:104,AAHelpers._getUserOp
DA:68,104
DA:69,104
DA:70,104
DA:71,104
DA:72,104
DA:73,104
DA:75,104
BRDA:75,0,0,58
BRDA:75,0,1,-
DA:76,58
DA:80,58
DA:84,58
BRDA:84,1,0,8
BRDA:84,1,1,-
DA:85,8
DA:86,8
DA:87,8
DA:89,50
BRDA:89,2,0,4
BRDA:89,2,1,-
DA:90,4
DA:91,4
DA:92,4
DA:94,46
BRDA:94,3,0,46
DA:95,46
DA:96,46
DA:99,58
DA:100,58
DA:101,58
DA:102,46
BRDA:102,4,0,46
DA:103,46
DA:118,46
DA:122,46
BRDA:122,5,0,8
BRDA:122,5,1,-
DA:123,8
DA:124,8
DA:125,8
DA:127,38
BRDA:127,6,0,4
BRDA:127,6,1,-
DA:128,4
DA:129,4
DA:130,4
DA:132,34
BRDA:132,7,0,34
DA:133,34
DA:134,34
DA:137,46
DA:138,46
DA:139,46
DA:142,104
DA:146,69
FN:146,AAHelpers._relayUserOp
FNDA:69,AAHelpers._relayUserOp
DA:147,69
DA:148,69
DA:152,33
FN:152,AAHelpers._etch7702
FNDA:33,AAHelpers._etch7702
DA:153,33
DA:156,86
FN:156,AAHelpers._encodeCall
FNDA:86,AAHelpers._encodeCall
DA:157,86
DA:158,86
DA:159,86
FNF:6
FNH:6
LF:56
LH:56
BRF:13
BRH:8
end_of_record
TN:
SF:test/helpers/Helpers.t.sol
DA:13,339
FN:13,Helpers._deal
FNDA:339,Helpers._deal
DA:14,339
DA:17,81
FN:17,Helpers._mint
FNDA:81,Helpers._mint
DA:18,81
DA:19,81
FNF:2
FNH:2
LF:5
LH:5
BRF:0
BRH:0
end_of_record
TN:
SF:test/helpers/SignerHelpers.sol
DA:50,1
FN:50,SignerHelpers._createKeyP256
FNDA:1,SignerHelpers._createKeyP256
DA:51,1
DA:52,1
DA:53,1
DA:54,1
DA:55,1
DA:58,1
FN:58,SignerHelpers._createKeyWebAuthn.0
FNDA:1,SignerHelpers._createKeyWebAuthn.0
DA:59,1
DA:60,1
DA:61,1
DA:62,1
DA:63,1
DA:66,26
FN:66,SignerHelpers._createKeyWebAuthn.1
FNDA:26,SignerHelpers._createKeyWebAuthn.1
DA:67,26
DA:68,26
DA:69,26
DA:70,26
DA:71,26
DA:74,525
FN:74,SignerHelpers._createKeySecp256k1
FNDA:525,SignerHelpers._createKeySecp256k1
DA:75,525
DA:76,525
DA:77,525
DA:78,525
DA:79,525
DA:82,26
FN:82,SignerHelpers._fetchWebAuthnSigner
FNDA:26,SignerHelpers._fetchWebAuthnSigner
DA:90,26
DA:91,26
DA:93,26
DA:94,26
DA:98,28
FN:98,SignerHelpers._packEoaSigner
FNDA:28,SignerHelpers._packEoaSigner
DA:99,28
DA:100,28
DA:103,41
FN:103,SignerHelpers._packWebAuthnSigner
FNDA:41,SignerHelpers._packWebAuthnSigner
DA:104,41
DA:105,41
DA:108,525
FN:108,SignerHelpers._encodeKey.0
FNDA:525,SignerHelpers._encodeKey.0
DA:109,525
DA:112,54
FN:112,SignerHelpers._encodeKey.1
FNDA:54,SignerHelpers._encodeKey.1
DA:113,54
DA:116,1
FN:116,SignerHelpers._encodeWebAuthn
FNDA:1,SignerHelpers._encodeWebAuthn
DA:125,1
DA:128,18
FN:128,SignerHelpers._signHashWithP256
FNDA:18,SignerHelpers._signHashWithP256
DA:135,18
DA:136,18
DA:137,18
DA:138,18
DA:139,18
DA:140,18
DA:141,18
DA:142,18
DA:145,12
FN:145,SignerHelpers._signHashWithWebAuthn
FNDA:12,SignerHelpers._signHashWithWebAuthn
DA:146,12
DA:147,12
DA:148,12
DA:149,12
DA:150,12
DA:151,12
DA:152,12
DA:155,41
FN:155,SignerHelpers._signHashWithWebAuthnKey
FNDA:41,SignerHelpers._signHashWithWebAuthnKey
DA:162,41
DA:163,41
DA:164,41
DA:165,41
DA:166,41
DA:167,41
DA:168,41
DA:169,41
DA:172,26
FN:172,SignerHelpers._authorizeSigner
FNDA:26,SignerHelpers._authorizeSigner
DA:173,26
DA:174,26
DA:175,26
DA:176,26
DA:177,26
DA:179,26
DA:180,26
FNF:14
FNH:14
LF:75
LH:75
BRF:0
BRH:0
end_of_record
